<?xml version="1.0" encoding="UTF-8"?>
<testng-results ignored="0" total="1" passed="1" failed="0" skipped="0">
  <reporter-output>
    <line>
      <![CDATA[Login is successfull]]>
    </line>
  </reporter-output>
  <suite started-at="2023-12-28T12:04:46 IST" name="Default suite" finished-at="2023-12-28T12:04:59 IST" duration-ms="13300">
    <groups>
    </groups>
    <test started-at="2023-12-28T12:04:46 IST" name="Default test" finished-at="2023-12-28T12:04:59 IST" duration-ms="13300">
      <class name="test_scripts.TC_Id_001_Test">
        <test-method is-config="true" signature="BeforeSuite()[pri:0, instance:test_scripts.TC_Id_001_Test@635eaaf1]" started-at="2023-12-28T12:04:46 IST" name="BeforeSuite" finished-at="2023-12-28T12:04:46 IST" duration-ms="17" status="PASS">
          <reporter-output>
          </reporter-output>
        </test-method> <!-- BeforeSuite -->
        <test-method is-config="true" signature="BeforeTest()[pri:0, instance:test_scripts.TC_Id_001_Test@635eaaf1]" started-at="2023-12-28T12:04:46 IST" name="BeforeTest" finished-at="2023-12-28T12:04:46 IST" duration-ms="1" status="PASS">
          <reporter-output>
          </reporter-output>
        </test-method> <!-- BeforeTest -->
        <test-method is-config="true" signature="BeforeClass()[pri:0, instance:test_scripts.TC_Id_001_Test@635eaaf1]" started-at="2023-12-28T12:04:46 IST" name="BeforeClass" finished-at="2023-12-28T12:04:59 IST" duration-ms="13223" status="PASS">
          <reporter-output>
          </reporter-output>
        </test-method> <!-- BeforeClass -->
        <test-method is-config="true" signature="BeforeMethod()[pri:0, instance:test_scripts.TC_Id_001_Test@635eaaf1]" started-at="2023-12-28T12:04:59 IST" name="BeforeMethod" finished-at="2023-12-28T12:04:59 IST" duration-ms="0" status="PASS">
          <reporter-output>
          </reporter-output>
        </test-method> <!-- BeforeMethod -->
        <test-method signature="login()[pri:0, instance:test_scripts.TC_Id_001_Test@635eaaf1]" started-at="2023-12-28T12:04:59 IST" name="login" finished-at="2023-12-28T12:04:59 IST" duration-ms="15" status="PASS">
          <reporter-output>
            <line>
              <![CDATA[Login is successfull]]>
            </line>
          </reporter-output>
        </test-method> <!-- login -->
        <test-method is-config="true" signature="AfterMethod()[pri:0, instance:test_scripts.TC_Id_001_Test@635eaaf1]" started-at="2023-12-28T12:04:59 IST" name="AfterMethod" finished-at="2023-12-28T12:04:59 IST" duration-ms="1" status="PASS">
          <reporter-output>
          </reporter-output>
        </test-method> <!-- AfterMethod -->
        <test-method is-config="true" signature="AfterClass()[pri:0, instance:test_scripts.TC_Id_001_Test@635eaaf1]" started-at="2023-12-28T12:04:59 IST" name="AfterClass" finished-at="2023-12-28T12:04:59 IST" duration-ms="1" status="PASS">
          <reporter-output>
          </reporter-output>
        </test-method> <!-- AfterClass -->
        <test-method is-config="true" signature="AfterTest()[pri:0, instance:test_scripts.TC_Id_001_Test@635eaaf1]" started-at="2023-12-28T12:04:59 IST" name="AfterTest" finished-at="2023-12-28T12:04:59 IST" duration-ms="0" status="PASS">
          <reporter-output>
          </reporter-output>
        </test-method> <!-- AfterTest -->
        <test-method is-config="true" signature="AfterSuite()[pri:0, instance:test_scripts.TC_Id_001_Test@635eaaf1]" started-at="2023-12-28T12:04:59 IST" name="AfterSuite" finished-at="2023-12-28T12:04:59 IST" duration-ms="0" status="PASS">
          <reporter-output>
          </reporter-output>
        </test-method> <!-- AfterSuite -->
      </class> <!-- test_scripts.TC_Id_001_Test -->
    </test> <!-- Default test -->
  </suite> <!-- Default suite -->
</testng-results>
